build/app/intermediates/manifest_merge_blame_file/release/manifest-merger-blame-release-report.txt
1<?xml version="1.0" encoding="utf-8"?>
2<manifest xmlns:android="http://schemas.android.com/apk/res/android"
3    package="com.example.disease_predictor"
4    android:versionCode="1"
5    android:versionName="1.0.0" >
6
7    <uses-sdk
8        android:minSdkVersion="21"
8-->src/main/AndroidManifest.xml
9        android:targetSdkVersion="31" />
9-->src/main/AndroidManifest.xml
10
11    <uses-permission android:name="android.permission.INTERNET" />
11-->src/main/AndroidManifest.xml:35:5-66
11-->src/main/AndroidManifest.xml:35:22-64
12    <uses-permission android:name="android.permission.ACCESS_NETWORK_STATE" />
12-->src/main/AndroidManifest.xml:36:5-78
12-->src/main/AndroidManifest.xml:36:22-76
13    <uses-permission android:name="android.permission.ACCESS_WIFI_STATE" />
13-->src/main/AndroidManifest.xml:37:5-75
13-->src/main/AndroidManifest.xml:37:22-73
14    <uses-permission android:name="android.permission.ACCESS_WIFI_STATE" />
14-->src/main/AndroidManifest.xml:37:5-75
14-->src/main/AndroidManifest.xml:37:22-73
15
16    <application
17        android:name="android.app.Application"
17-->src/main/AndroidManifest.xml:6:9-42
18        android:appComponentFactory="androidx.core.app.CoreComponentFactory"
18-->[androidx.core:core:1.7.0] AndroidManifest.xml:24:18-86
19        android:icon="@mipmap/ic_launcher"
19-->src/main/AndroidManifest.xml:7:9-43
20        android:label="DizEase"
20-->src/main/AndroidManifest.xml:5:9-32
21        android:networkSecurityConfig="@xml/network_security_config" >
21-->src/main/AndroidManifest.xml:4:9-69
22        <activity
22-->src/main/AndroidManifest.xml:8:9-28:20
23            android:name="com.example.disease_predictor.MainActivity"
23-->src/main/AndroidManifest.xml:9:13-41
24            android:configChanges="orientation|keyboardHidden|keyboard|screenSize|smallestScreenSize|locale|layoutDirection|fontScale|screenLayout|density|uiMode"
24-->src/main/AndroidManifest.xml:13:13-163
25            android:exported="true"
25-->src/main/AndroidManifest.xml:10:13-36
26            android:hardwareAccelerated="true"
26-->src/main/AndroidManifest.xml:14:13-47
27            android:launchMode="singleTop"
27-->src/main/AndroidManifest.xml:11:13-43
28            android:theme="@style/LaunchTheme"
28-->src/main/AndroidManifest.xml:12:13-47
29            android:windowSoftInputMode="adjustResize" >
29-->src/main/AndroidManifest.xml:15:13-55
30
31            <!--
32                 Specifies an Android theme to apply to this Activity as soon as
33                 the Android process has started. This theme is visible to the user
34                 while the Flutter UI initializes. After that, this theme continues
35                 to determine the Window background behind the Flutter UI.
36            -->
37            <meta-data
37-->src/main/AndroidManifest.xml:20:13-23:17
38                android:name="io.flutter.embedding.android.NormalTheme"
38-->src/main/AndroidManifest.xml:21:15-70
39                android:resource="@style/NormalTheme" />
39-->src/main/AndroidManifest.xml:22:15-52
40
41            <intent-filter>
41-->src/main/AndroidManifest.xml:24:13-27:29
42                <action android:name="android.intent.action.MAIN" />
42-->src/main/AndroidManifest.xml:25:17-68
42-->src/main/AndroidManifest.xml:25:25-66
43
44                <category android:name="android.intent.category.LAUNCHER" />
44-->src/main/AndroidManifest.xml:26:17-76
44-->src/main/AndroidManifest.xml:26:27-74
45            </intent-filter>
46        </activity>
47        <!--
48             Don't delete the meta-data below.
49             This is used by the Flutter tool to generate GeneratedPluginRegistrant.java
50        -->
51        <meta-data
51-->src/main/AndroidManifest.xml:31:9-33:33
52            android:name="flutterEmbedding"
52-->src/main/AndroidManifest.xml:32:13-44
53            android:value="2" />
53-->src/main/AndroidManifest.xml:33:13-30
54
55        <provider
55-->[:flutter_email_sender] AndroidManifest.xml:10:9-18:20
56            android:name="com.sidlatau.flutteremailsender.FlutterEmailSenderFileProvider"
56-->[:flutter_email_sender] AndroidManifest.xml:11:13-90
57            android:authorities="com.example.disease_predictor.file_provider"
57-->[:flutter_email_sender] AndroidManifest.xml:12:13-65
58            android:exported="false"
58-->[:flutter_email_sender] AndroidManifest.xml:13:13-37
59            android:grantUriPermissions="true" >
59-->[:flutter_email_sender] AndroidManifest.xml:14:13-47
60            <meta-data
60-->[:flutter_email_sender] AndroidManifest.xml:15:13-17:61
61                android:name="android.support.FILE_PROVIDER_PATHS"
61-->[:flutter_email_sender] AndroidManifest.xml:16:17-67
62                android:resource="@xml/shared_file_paths" />
62-->[:flutter_email_sender] AndroidManifest.xml:17:17-58
63        </provider>
64
65        <activity
65-->[:url_launcher_android] AndroidManifest.xml:10:9-13:74
66            android:name="io.flutter.plugins.urllauncher.WebViewActivity"
66-->[:url_launcher_android] AndroidManifest.xml:11:13-74
67            android:exported="false"
67-->[:url_launcher_android] AndroidManifest.xml:12:13-37
68            android:theme="@android:style/Theme.NoTitleBar.Fullscreen" />
68-->[:url_launcher_android] AndroidManifest.xml:13:13-71
69
70        <uses-library
70-->[androidx.window:window:1.0.0-beta04] AndroidManifest.xml:25:9-27:40
71            android:name="androidx.window.extensions"
71-->[androidx.window:window:1.0.0-beta04] AndroidManifest.xml:26:13-54
72            android:required="false" />
72-->[androidx.window:window:1.0.0-beta04] AndroidManifest.xml:27:13-37
73        <uses-library
73-->[androidx.window:window:1.0.0-beta04] AndroidManifest.xml:28:9-30:40
74            android:name="androidx.window.sidecar"
74-->[androidx.window:window:1.0.0-beta04] AndroidManifest.xml:29:13-51
75            android:required="false" />
75-->[androidx.window:window:1.0.0-beta04] AndroidManifest.xml:30:13-37
76
77        <provider
77-->[androidx.emoji2:emoji2:1.0.0] AndroidManifest.xml:26:9-34:20
78            android:name="androidx.startup.InitializationProvider"
78-->[androidx.emoji2:emoji2:1.0.0] AndroidManifest.xml:27:13-67
79            android:authorities="com.example.disease_predictor.androidx-startup"
79-->[androidx.emoji2:emoji2:1.0.0] AndroidManifest.xml:28:13-68
80            android:exported="false" >
80-->[androidx.emoji2:emoji2:1.0.0] AndroidManifest.xml:29:13-37
81            <meta-data
81-->[androidx.emoji2:emoji2:1.0.0] AndroidManifest.xml:31:13-33:52
82                android:name="androidx.emoji2.text.EmojiCompatInitializer"
82-->[androidx.emoji2:emoji2:1.0.0] AndroidManifest.xml:32:17-75
83                android:value="androidx.startup" />
83-->[androidx.emoji2:emoji2:1.0.0] AndroidManifest.xml:33:17-49
84            <meta-data
84-->[androidx.lifecycle:lifecycle-process:2.4.0] AndroidManifest.xml:31:13-33:52
85                android:name="androidx.lifecycle.ProcessLifecycleInitializer"
85-->[androidx.lifecycle:lifecycle-process:2.4.0] AndroidManifest.xml:32:17-78
86                android:value="androidx.startup" />
86-->[androidx.lifecycle:lifecycle-process:2.4.0] AndroidManifest.xml:33:17-49
87        </provider>
88    </application>
89
90</manifest>